2026-04-23 14:50:10,319 - start_leap - upload_via_sftp:92 - DEBUG - Attempt 1 of 3 to connect and upload.
2026-04-23 14:50:10,435 - transport - _log:1923 - DEBUG - starting thread (client mode): 0xe509310
2026-04-23 14:50:10,435 - transport - _log:1923 - DEBUG - Local version/idstring: SSH-2.0-paramiko_3.4.1
2026-04-23 14:50:10,469 - transport - _log:1923 - DEBUG - Remote version/idstring: SSH-2.0-MOVEit Transfer SFTP
2026-04-23 14:50:10,469 - transport - _log:1923 - INFO - Connected (version 2.0, client MOVEit)
2026-04-23 14:50:10,492 - transport - _log:1923 - DEBUG - === Key exchange possibilities ===
2026-04-23 14:50:10,493 - transport - _log:1923 - DEBUG - kex algos: curve25519-sha256, curve25519-sha256@libssh.org, diffie-hellman-group14-sha256, diffie-hellman-group-exchange-sha256, ecdh-sha2-nistp256, diffie-hellman-group16-sha512, diffie-hellman-group18-sha512, ecdh-sha2-nistp384, ecdh-sha2-nistp521, kex-strict-s-v00@openssh.com
2026-04-23 14:50:10,493 - transport - _log:1923 - DEBUG - server key: rsa-sha2-256, rsa-sha2-512, ssh-rsa
2026-04-23 14:50:10,493 - transport - _log:1923 - DEBUG - client encrypt: aes256-ctr, aes192-ctr, aes128-ctr, aes256-gcm@openssh.com, aes128-gcm@openssh.com
2026-04-23 14:50:10,497 - transport - _log:1923 - DEBUG - server encrypt: aes256-ctr, aes192-ctr, aes128-ctr, aes256-gcm@openssh.com, aes128-gcm@openssh.com
2026-04-23 14:50:10,497 - transport - _log:1923 - DEBUG - client mac: hmac-sha2-256, hmac-sha2-512, hmac-ripemd160
2026-04-23 14:50:10,497 - transport - _log:1923 - DEBUG - server mac: hmac-sha2-256, hmac-sha2-512, hmac-ripemd160
2026-04-23 14:50:10,497 - transport - _log:1923 - DEBUG - client compress: none, zlib
2026-04-23 14:50:10,497 - transport - _log:1923 - DEBUG - server compress: none, zlib
2026-04-23 14:50:10,497 - transport - _log:1923 - DEBUG - client lang: <none>
2026-04-23 14:50:10,497 - transport - _log:1923 - DEBUG - server lang: <none>
2026-04-23 14:50:10,497 - transport - _log:1923 - DEBUG - kex follows: False
2026-04-23 14:50:10,497 - transport - _log:1923 - DEBUG - === Key exchange agreements ===
2026-04-23 14:50:10,497 - transport - _log:1923 - DEBUG - Strict kex mode: True
2026-04-23 14:50:10,497 - transport - _log:1923 - DEBUG - Kex: curve25519-sha256@libssh.org
2026-04-23 14:50:10,497 - transport - _log:1923 - DEBUG - HostKey: rsa-sha2-512
2026-04-23 14:50:10,497 - transport - _log:1923 - DEBUG - Cipher: aes128-ctr
2026-04-23 14:50:10,497 - transport - _log:1923 - DEBUG - MAC: hmac-sha2-256
2026-04-23 14:50:10,497 - transport - _log:1923 - DEBUG - Compression: none
2026-04-23 14:50:10,497 - transport - _log:1923 - DEBUG - === End of kex handshake ===
2026-04-23 14:50:10,587 - transport - _log:1923 - DEBUG - Resetting outbound seqno after NEWKEYS due to strict mode
2026-04-23 14:50:10,587 - transport - _log:1923 - DEBUG - kex engine KexCurve25519 specified hash_algo <built-in function openssl_sha256>
2026-04-23 14:50:10,603 - transport - _log:1923 - DEBUG - Switch to new keys ...
2026-04-23 14:50:10,603 - transport - _log:1923 - DEBUG - Resetting inbound seqno after NEWKEYS due to strict mode
2026-04-23 14:50:10,603 - transport - _log:1923 - DEBUG - Attempting password auth...
2026-04-23 14:50:10,603 - transport - _log:1923 - DEBUG - Got EXT_INFO: {'server-sig-algs': b'ssh-rsa,rsa-sha2-256,rsa-sha2-512,x509v3-sign-rsa,ssh-dss,x509v3-sign-dss,ecdsa-sha2-nistp256,ecdsa-sha2-nistp384,ecdsa-sha2-nistp521,ssh-ed25519'}
2026-04-23 14:50:10,666 - transport - _log:1923 - DEBUG - userauth is OK
2026-04-23 14:50:11,328 - transport - _log:1923 - INFO - Authentication (password) failed.
2026-04-23 14:50:11,329 - start_leap - upload_via_sftp:125 - ERROR - Authentication failed: Authentication failed.
2026-04-23 14:50:11,329 - start_leap - upload_via_sftp:133 - ERROR - Error: Authentication failed, check credentials.
2026-04-23 14:50:11,329 - start_leap - upload_via_sftp:138 - ERROR - Max retry attempts reached. Upload failed.
2026-04-23 14:50:11,410 - start_leap - upload_via_sftp:92 - DEBUG - Attempt 1 of 3 to connect and upload.
2026-04-23 14:50:11,484 - transport - _log:1923 - DEBUG - starting thread (client mode): 0xe575eb0
2026-04-23 14:50:11,485 - transport - _log:1923 - DEBUG - Local version/idstring: SSH-2.0-paramiko_3.4.1
2026-04-23 14:50:11,543 - transport - _log:1923 - DEBUG - Remote version/idstring: SSH-2.0-MOVEit Transfer SFTP
2026-04-23 14:50:11,543 - transport - _log:1923 - INFO - Connected (version 2.0, client MOVEit)
2026-04-23 14:50:11,544 - transport - _log:1923 - DEBUG - === Key exchange possibilities ===
2026-04-23 14:50:11,544 - transport - _log:1923 - DEBUG - kex algos: curve25519-sha256, curve25519-sha256@libssh.org, diffie-hellman-group14-sha256, diffie-hellman-group-exchange-sha256, ecdh-sha2-nistp256, diffie-hellman-group16-sha512, diffie-hellman-group18-sha512, ecdh-sha2-nistp384, ecdh-sha2-nistp521, kex-strict-s-v00@openssh.com
2026-04-23 14:50:11,544 - transport - _log:1923 - DEBUG - server key: rsa-sha2-256, rsa-sha2-512, ssh-rsa
2026-04-23 14:50:11,544 - transport - _log:1923 - DEBUG - client encrypt: aes256-ctr, aes192-ctr, aes128-ctr, aes256-gcm@openssh.com, aes128-gcm@openssh.com
2026-04-23 14:50:11,544 - transport - _log:1923 - DEBUG - server encrypt: aes256-ctr, aes192-ctr, aes128-ctr, aes256-gcm@openssh.com, aes128-gcm@openssh.com
2026-04-23 14:50:11,544 - transport - _log:1923 - DEBUG - client mac: hmac-sha2-256, hmac-sha2-512, hmac-ripemd160
2026-04-23 14:50:11,544 - transport - _log:1923 - DEBUG - server mac: hmac-sha2-256, hmac-sha2-512, hmac-ripemd160
2026-04-23 14:50:11,544 - transport - _log:1923 - DEBUG - client compress: none, zlib
2026-04-23 14:50:11,544 - transport - _log:1923 - DEBUG - server compress: none, zlib
2026-04-23 14:50:11,544 - transport - _log:1923 - DEBUG - client lang: <none>
2026-04-23 14:50:11,548 - transport - _log:1923 - DEBUG - server lang: <none>
2026-04-23 14:50:11,549 - transport - _log:1923 - DEBUG - kex follows: False
2026-04-23 14:50:11,549 - transport - _log:1923 - DEBUG - === Key exchange agreements ===
2026-04-23 14:50:11,549 - transport - _log:1923 - DEBUG - Strict kex mode: True
2026-04-23 14:50:11,549 - transport - _log:1923 - DEBUG - Kex: curve25519-sha256@libssh.org
2026-04-23 14:50:11,549 - transport - _log:1923 - DEBUG - HostKey: rsa-sha2-512
2026-04-23 14:50:11,549 - transport - _log:1923 - DEBUG - Cipher: aes128-ctr
2026-04-23 14:50:11,549 - transport - _log:1923 - DEBUG - MAC: hmac-sha2-256
2026-04-23 14:50:11,549 - transport - _log:1923 - DEBUG - Compression: none
2026-04-23 14:50:11,552 - transport - _log:1923 - DEBUG - === End of kex handshake ===
2026-04-23 14:50:11,654 - transport - _log:1923 - DEBUG - Resetting outbound seqno after NEWKEYS due to strict mode
2026-04-23 14:50:11,655 - transport - _log:1923 - DEBUG - kex engine KexCurve25519 specified hash_algo <built-in function openssl_sha256>
2026-04-23 14:50:11,672 - transport - _log:1923 - DEBUG - Switch to new keys ...
2026-04-23 14:50:11,672 - transport - _log:1923 - DEBUG - Resetting inbound seqno after NEWKEYS due to strict mode
2026-04-23 14:50:11,672 - transport - _log:1923 - DEBUG - Attempting password auth...
2026-04-23 14:50:11,672 - transport - _log:1923 - DEBUG - Got EXT_INFO: {'server-sig-algs': b'ssh-rsa,rsa-sha2-256,rsa-sha2-512,x509v3-sign-rsa,ssh-dss,x509v3-sign-dss,ecdsa-sha2-nistp256,ecdsa-sha2-nistp384,ecdsa-sha2-nistp521,ssh-ed25519'}
2026-04-23 14:50:11,727 - transport - _log:1923 - DEBUG - userauth is OK
2026-04-23 14:50:12,207 - transport - _log:1923 - INFO - Authentication (password) failed.
2026-04-23 14:50:12,207 - start_leap - upload_via_sftp:125 - ERROR - Authentication failed: Authentication failed.
2026-04-23 14:50:12,223 - start_leap - upload_via_sftp:133 - ERROR - Error: Authentication failed, check credentials.
2026-04-23 14:50:12,224 - start_leap - upload_via_sftp:138 - ERROR - Max retry attempts reached. Upload failed.
2026-04-23 14:50:12,225 - transport - _log:1923 - DEBUG - EOF in transport thread
2026-04-23 14:50:12,225 - transport - _log:1923 - DEBUG - EOF in transport thread
2026-04-23 14:50:12,287 - start_leap - upload_via_sftp:92 - DEBUG - Attempt 1 of 3 to connect and upload.
2026-04-23 14:50:12,355 - transport - _log:1923 - DEBUG - starting thread (client mode): 0xe5bfa10
2026-04-23 14:50:12,355 - transport - _log:1923 - DEBUG - Local version/idstring: SSH-2.0-paramiko_3.4.1
2026-04-23 14:50:12,396 - transport - _log:1923 - DEBUG - Remote version/idstring: SSH-2.0-MOVEit Transfer SFTP
2026-04-23 14:50:12,396 - transport - _log:1923 - INFO - Connected (version 2.0, client MOVEit)
2026-04-23 14:50:12,410 - transport - _log:1923 - DEBUG - === Key exchange possibilities ===
2026-04-23 14:50:12,410 - transport - _log:1923 - DEBUG - kex algos: curve25519-sha256, curve25519-sha256@libssh.org, diffie-hellman-group14-sha256, diffie-hellman-group-exchange-sha256, ecdh-sha2-nistp256, diffie-hellman-group16-sha512, diffie-hellman-group18-sha512, ecdh-sha2-nistp384, ecdh-sha2-nistp521, kex-strict-s-v00@openssh.com
2026-04-23 14:50:12,411 - transport - _log:1923 - DEBUG - server key: rsa-sha2-256, rsa-sha2-512, ssh-rsa
2026-04-23 14:50:12,411 - transport - _log:1923 - DEBUG - client encrypt: aes256-ctr, aes192-ctr, aes128-ctr, aes256-gcm@openssh.com, aes128-gcm@openssh.com
2026-04-23 14:50:12,412 - transport - _log:1923 - DEBUG - server encrypt: aes256-ctr, aes192-ctr, aes128-ctr, aes256-gcm@openssh.com, aes128-gcm@openssh.com
2026-04-23 14:50:12,412 - transport - _log:1923 - DEBUG - client mac: hmac-sha2-256, hmac-sha2-512, hmac-ripemd160
2026-04-23 14:50:12,412 - transport - _log:1923 - DEBUG - server mac: hmac-sha2-256, hmac-sha2-512, hmac-ripemd160
2026-04-23 14:50:12,412 - transport - _log:1923 - DEBUG - client compress: none, zlib
2026-04-23 14:50:12,412 - transport - _log:1923 - DEBUG - server compress: none, zlib
2026-04-23 14:50:12,412 - transport - _log:1923 - DEBUG - client lang: <none>
2026-04-23 14:50:12,412 - transport - _log:1923 - DEBUG - server lang: <none>
2026-04-23 14:50:12,412 - transport - _log:1923 - DEBUG - kex follows: False
2026-04-23 14:50:12,412 - transport - _log:1923 - DEBUG - === Key exchange agreements ===
2026-04-23 14:50:12,412 - transport - _log:1923 - DEBUG - Strict kex mode: True
2026-04-23 14:50:12,412 - transport - _log:1923 - DEBUG - Kex: curve25519-sha256@libssh.org
2026-04-23 14:50:12,412 - transport - _log:1923 - DEBUG - HostKey: rsa-sha2-512
2026-04-23 14:50:12,412 - transport - _log:1923 - DEBUG - Cipher: aes128-ctr
2026-04-23 14:50:12,412 - transport - _log:1923 - DEBUG - MAC: hmac-sha2-256
2026-04-23 14:50:12,412 - transport - _log:1923 - DEBUG - Compression: none
2026-04-23 14:50:12,412 - transport - _log:1923 - DEBUG - === End of kex handshake ===
2026-04-23 14:50:12,497 - transport - _log:1923 - DEBUG - Resetting outbound seqno after NEWKEYS due to strict mode
2026-04-23 14:50:12,497 - transport - _log:1923 - DEBUG - kex engine KexCurve25519 specified hash_algo <built-in function openssl_sha256>
2026-04-23 14:50:12,517 - transport - _log:1923 - DEBUG - Switch to new keys ...
2026-04-23 14:50:12,517 - transport - _log:1923 - DEBUG - Resetting inbound seqno after NEWKEYS due to strict mode
2026-04-23 14:50:12,517 - transport - _log:1923 - DEBUG - Got EXT_INFO: {'server-sig-algs': b'ssh-rsa,rsa-sha2-256,rsa-sha2-512,x509v3-sign-rsa,ssh-dss,x509v3-sign-dss,ecdsa-sha2-nistp256,ecdsa-sha2-nistp384,ecdsa-sha2-nistp521,ssh-ed25519'}
2026-04-23 14:50:12,530 - transport - _log:1923 - DEBUG - Attempting password auth...
2026-04-23 14:50:12,551 - transport - _log:1923 - DEBUG - userauth is OK
2026-04-23 14:50:13,010 - transport - _log:1923 - INFO - Authentication (password) failed.
2026-04-23 14:50:13,041 - start_leap - upload_via_sftp:125 - ERROR - Authentication failed: Authentication failed.
2026-04-23 14:50:13,041 - start_leap - upload_via_sftp:133 - ERROR - Error: Authentication failed, check credentials.
2026-04-23 14:50:13,041 - start_leap - upload_via_sftp:138 - ERROR - Max retry attempts reached. Upload failed.
2026-04-23 14:50:13,119 - start_leap - upload_via_sftp:92 - DEBUG - Attempt 1 of 3 to connect and upload.
2026-04-23 14:50:13,174 - transport - _log:1923 - DEBUG - starting thread (client mode): 0xe5be810
2026-04-23 14:50:13,175 - transport - _log:1923 - DEBUG - Local version/idstring: SSH-2.0-paramiko_3.4.1
2026-04-23 14:50:13,220 - transport - _log:1923 - DEBUG - Remote version/idstring: SSH-2.0-MOVEit Transfer SFTP
2026-04-23 14:50:13,220 - transport - _log:1923 - INFO - Connected (version 2.0, client MOVEit)
2026-04-23 14:50:13,220 - transport - _log:1923 - DEBUG - === Key exchange possibilities ===
2026-04-23 14:50:13,220 - transport - _log:1923 - DEBUG - kex algos: curve25519-sha256, curve25519-sha256@libssh.org, diffie-hellman-group14-sha256, diffie-hellman-group-exchange-sha256, ecdh-sha2-nistp256, diffie-hellman-group16-sha512, diffie-hellman-group18-sha512, ecdh-sha2-nistp384, ecdh-sha2-nistp521, kex-strict-s-v00@openssh.com
2026-04-23 14:50:13,220 - transport - _log:1923 - DEBUG - server key: rsa-sha2-256, rsa-sha2-512, ssh-rsa
2026-04-23 14:50:13,220 - transport - _log:1923 - DEBUG - client encrypt: aes256-ctr, aes192-ctr, aes128-ctr, aes256-gcm@openssh.com, aes128-gcm@openssh.com
2026-04-23 14:50:13,220 - transport - _log:1923 - DEBUG - server encrypt: aes256-ctr, aes192-ctr, aes128-ctr, aes256-gcm@openssh.com, aes128-gcm@openssh.com
2026-04-23 14:50:13,220 - transport - _log:1923 - DEBUG - client mac: hmac-sha2-256, hmac-sha2-512, hmac-ripemd160
2026-04-23 14:50:13,220 - transport - _log:1923 - DEBUG - server mac: hmac-sha2-256, hmac-sha2-512, hmac-ripemd160
2026-04-23 14:50:13,220 - transport - _log:1923 - DEBUG - client compress: none, zlib
2026-04-23 14:50:13,220 - transport - _log:1923 - DEBUG - server compress: none, zlib
2026-04-23 14:50:13,220 - transport - _log:1923 - DEBUG - client lang: <none>
2026-04-23 14:50:13,220 - transport - _log:1923 - DEBUG - server lang: <none>
2026-04-23 14:50:13,220 - transport - _log:1923 - DEBUG - kex follows: False
2026-04-23 14:50:13,220 - transport - _log:1923 - DEBUG - === Key exchange agreements ===
2026-04-23 14:50:13,220 - transport - _log:1923 - DEBUG - Strict kex mode: True
2026-04-23 14:50:13,220 - transport - _log:1923 - DEBUG - Kex: curve25519-sha256@libssh.org
2026-04-23 14:50:13,229 - transport - _log:1923 - DEBUG - HostKey: rsa-sha2-512
2026-04-23 14:50:13,229 - transport - _log:1923 - DEBUG - Cipher: aes128-ctr
2026-04-23 14:50:13,229 - transport - _log:1923 - DEBUG - MAC: hmac-sha2-256
2026-04-23 14:50:13,229 - transport - _log:1923 - DEBUG - Compression: none
2026-04-23 14:50:13,229 - transport - _log:1923 - DEBUG - === End of kex handshake ===
2026-04-23 14:50:13,348 - transport - _log:1923 - DEBUG - Resetting outbound seqno after NEWKEYS due to strict mode
2026-04-23 14:50:13,348 - transport - _log:1923 - DEBUG - kex engine KexCurve25519 specified hash_algo <built-in function openssl_sha256>
2026-04-23 14:50:13,357 - transport - _log:1923 - DEBUG - Switch to new keys ...
2026-04-23 14:50:13,357 - transport - _log:1923 - DEBUG - Resetting inbound seqno after NEWKEYS due to strict mode
2026-04-23 14:50:13,362 - transport - _log:1923 - DEBUG - Got EXT_INFO: {'server-sig-algs': b'ssh-rsa,rsa-sha2-256,rsa-sha2-512,x509v3-sign-rsa,ssh-dss,x509v3-sign-dss,ecdsa-sha2-nistp256,ecdsa-sha2-nistp384,ecdsa-sha2-nistp521,ssh-ed25519'}
2026-04-23 14:50:13,362 - transport - _log:1923 - DEBUG - Attempting password auth...
2026-04-23 14:50:13,422 - transport - _log:1923 - DEBUG - userauth is OK
2026-04-23 14:50:13,909 - transport - _log:1923 - INFO - Authentication (password) failed.
2026-04-23 14:50:13,925 - start_leap - upload_via_sftp:125 - ERROR - Authentication failed: Authentication failed.
2026-04-23 14:50:13,925 - start_leap - upload_via_sftp:133 - ERROR - Error: Authentication failed, check credentials.
2026-04-23 14:50:13,925 - start_leap - upload_via_sftp:138 - ERROR - Max retry attempts reached. Upload failed.
2026-04-23 14:50:13,925 - transport - _log:1923 - DEBUG - EOF in transport thread
2026-04-23 14:50:13,925 - transport - _log:1923 - DEBUG - EOF in transport thread
2026-04-23 14:50:13,993 - start_leap - upload_via_sftp:92 - DEBUG - Attempt 1 of 3 to connect and upload.
2026-04-23 14:50:14,039 - transport - _log:1923 - DEBUG - starting thread (client mode): 0xe5770e0
2026-04-23 14:50:14,044 - transport - _log:1923 - DEBUG - Local version/idstring: SSH-2.0-paramiko_3.4.1
2026-04-23 14:50:14,067 - transport - _log:1923 - DEBUG - Remote version/idstring: SSH-2.0-MOVEit Transfer SFTP
2026-04-23 14:50:14,067 - transport - _log:1923 - INFO - Connected (version 2.0, client MOVEit)
2026-04-23 14:50:14,092 - transport - _log:1923 - DEBUG - === Key exchange possibilities ===
2026-04-23 14:50:14,092 - transport - _log:1923 - DEBUG - kex algos: curve25519-sha256, curve25519-sha256@libssh.org, diffie-hellman-group14-sha256, diffie-hellman-group-exchange-sha256, ecdh-sha2-nistp256, diffie-hellman-group16-sha512, diffie-hellman-group18-sha512, ecdh-sha2-nistp384, ecdh-sha2-nistp521, kex-strict-s-v00@openssh.com
2026-04-23 14:50:14,092 - transport - _log:1923 - DEBUG - server key: rsa-sha2-256, rsa-sha2-512, ssh-rsa
2026-04-23 14:50:14,092 - transport - _log:1923 - DEBUG - client encrypt: aes256-ctr, aes192-ctr, aes128-ctr, aes256-gcm@openssh.com, aes128-gcm@openssh.com
2026-04-23 14:50:14,092 - transport - _log:1923 - DEBUG - server encrypt: aes256-ctr, aes192-ctr, aes128-ctr, aes256-gcm@openssh.com, aes128-gcm@openssh.com
2026-04-23 14:50:14,092 - transport - _log:1923 - DEBUG - client mac: hmac-sha2-256, hmac-sha2-512, hmac-ripemd160
2026-04-23 14:50:14,092 - transport - _log:1923 - DEBUG - server mac: hmac-sha2-256, hmac-sha2-512, hmac-ripemd160
2026-04-23 14:50:14,092 - transport - _log:1923 - DEBUG - client compress: none, zlib
2026-04-23 14:50:14,092 - transport - _log:1923 - DEBUG - server compress: none, zlib
2026-04-23 14:50:14,092 - transport - _log:1923 - DEBUG - client lang: <none>
2026-04-23 14:50:14,092 - transport - _log:1923 - DEBUG - server lang: <none>
2026-04-23 14:50:14,092 - transport - _log:1923 - DEBUG - kex follows: False
2026-04-23 14:50:14,092 - transport - _log:1923 - DEBUG - === Key exchange agreements ===
2026-04-23 14:50:14,092 - transport - _log:1923 - DEBUG - Strict kex mode: True
2026-04-23 14:50:14,103 - transport - _log:1923 - DEBUG - Kex: curve25519-sha256@libssh.org
2026-04-23 14:50:14,104 - transport - _log:1923 - DEBUG - HostKey: rsa-sha2-512
2026-04-23 14:50:14,104 - transport - _log:1923 - DEBUG - Cipher: aes128-ctr
2026-04-23 14:50:14,104 - transport - _log:1923 - DEBUG - MAC: hmac-sha2-256
2026-04-23 14:50:14,104 - transport - _log:1923 - DEBUG - Compression: none
2026-04-23 14:50:14,106 - transport - _log:1923 - DEBUG - === End of kex handshake ===
2026-04-23 14:50:14,139 - transport - _log:1923 - DEBUG - Resetting outbound seqno after NEWKEYS due to strict mode
2026-04-23 14:50:14,139 - transport - _log:1923 - DEBUG - kex engine KexCurve25519 specified hash_algo <built-in function openssl_sha256>
2026-04-23 14:50:14,172 - transport - _log:1923 - DEBUG - Switch to new keys ...
2026-04-23 14:50:14,178 - transport - _log:1923 - DEBUG - Resetting inbound seqno after NEWKEYS due to strict mode
2026-04-23 14:50:14,178 - transport - _log:1923 - DEBUG - Attempting password auth...
2026-04-23 14:50:14,178 - transport - _log:1923 - DEBUG - Got EXT_INFO: {'server-sig-algs': b'ssh-rsa,rsa-sha2-256,rsa-sha2-512,x509v3-sign-rsa,ssh-dss,x509v3-sign-dss,ecdsa-sha2-nistp256,ecdsa-sha2-nistp384,ecdsa-sha2-nistp521,ssh-ed25519'}
2026-04-23 14:50:14,210 - transport - _log:1923 - DEBUG - userauth is OK
2026-04-23 14:50:14,715 - transport - _log:1923 - INFO - Authentication (password) failed.
2026-04-23 14:50:14,715 - start_leap - upload_via_sftp:125 - ERROR - Authentication failed: Authentication failed.
2026-04-23 14:50:14,715 - start_leap - upload_via_sftp:133 - ERROR - Error: Authentication failed, check credentials.
2026-04-23 14:50:14,715 - start_leap - upload_via_sftp:138 - ERROR - Max retry attempts reached. Upload failed.
2026-04-23 14:50:14,769 - start_leap - upload_via_sftp:92 - DEBUG - Attempt 1 of 3 to connect and upload.
2026-04-23 14:50:14,814 - transport - _log:1923 - DEBUG - starting thread (client mode): 0xe575d60
2026-04-23 14:50:14,817 - transport - _log:1923 - DEBUG - Local version/idstring: SSH-2.0-paramiko_3.4.1
2026-04-23 14:50:14,843 - transport - _log:1923 - DEBUG - Remote version/idstring: SSH-2.0-MOVEit Transfer SFTP
2026-04-23 14:50:14,844 - transport - _log:1923 - INFO - Connected (version 2.0, client MOVEit)
2026-04-23 14:50:14,863 - transport - _log:1923 - DEBUG - === Key exchange possibilities ===
2026-04-23 14:50:14,863 - transport - _log:1923 - DEBUG - kex algos: curve25519-sha256, curve25519-sha256@libssh.org, diffie-hellman-group14-sha256, diffie-hellman-group-exchange-sha256, ecdh-sha2-nistp256, diffie-hellman-group16-sha512, diffie-hellman-group18-sha512, ecdh-sha2-nistp384, ecdh-sha2-nistp521, kex-strict-s-v00@openssh.com
2026-04-23 14:50:14,863 - transport - _log:1923 - DEBUG - server key: rsa-sha2-256, rsa-sha2-512, ssh-rsa
2026-04-23 14:50:14,863 - transport - _log:1923 - DEBUG - client encrypt: aes256-ctr, aes192-ctr, aes128-ctr, aes256-gcm@openssh.com, aes128-gcm@openssh.com
2026-04-23 14:50:14,863 - transport - _log:1923 - DEBUG - server encrypt: aes256-ctr, aes192-ctr, aes128-ctr, aes256-gcm@openssh.com, aes128-gcm@openssh.com
2026-04-23 14:50:14,863 - transport - _log:1923 - DEBUG - client mac: hmac-sha2-256, hmac-sha2-512, hmac-ripemd160
2026-04-23 14:50:14,863 - transport - _log:1923 - DEBUG - server mac: hmac-sha2-256, hmac-sha2-512, hmac-ripemd160
2026-04-23 14:50:14,863 - transport - _log:1923 - DEBUG - client compress: none, zlib
2026-04-23 14:50:14,863 - transport - _log:1923 - DEBUG - server compress: none, zlib
2026-04-23 14:50:14,863 - transport - _log:1923 - DEBUG - client lang: <none>
2026-04-23 14:50:14,869 - transport - _log:1923 - DEBUG - server lang: <none>
2026-04-23 14:50:14,869 - transport - _log:1923 - DEBUG - kex follows: False
2026-04-23 14:50:14,869 - transport - _log:1923 - DEBUG - === Key exchange agreements ===
2026-04-23 14:50:14,869 - transport - _log:1923 - DEBUG - Strict kex mode: True
2026-04-23 14:50:14,869 - transport - _log:1923 - DEBUG - Kex: curve25519-sha256@libssh.org
2026-04-23 14:50:14,872 - transport - _log:1923 - DEBUG - HostKey: rsa-sha2-512
2026-04-23 14:50:14,872 - transport - _log:1923 - DEBUG - Cipher: aes128-ctr
2026-04-23 14:50:14,872 - transport - _log:1923 - DEBUG - MAC: hmac-sha2-256
2026-04-23 14:50:14,872 - transport - _log:1923 - DEBUG - Compression: none
2026-04-23 14:50:14,872 - transport - _log:1923 - DEBUG - === End of kex handshake ===
2026-04-23 14:50:14,947 - transport - _log:1923 - DEBUG - Resetting outbound seqno after NEWKEYS due to strict mode
2026-04-23 14:50:14,947 - transport - _log:1923 - DEBUG - kex engine KexCurve25519 specified hash_algo <built-in function openssl_sha256>
2026-04-23 14:50:14,969 - transport - _log:1923 - DEBUG - Switch to new keys ...
2026-04-23 14:50:14,969 - transport - _log:1923 - DEBUG - Resetting inbound seqno after NEWKEYS due to strict mode
2026-04-23 14:50:14,969 - transport - _log:1923 - DEBUG - Attempting password auth...
2026-04-23 14:50:14,969 - transport - _log:1923 - DEBUG - Got EXT_INFO: {'server-sig-algs': b'ssh-rsa,rsa-sha2-256,rsa-sha2-512,x509v3-sign-rsa,ssh-dss,x509v3-sign-dss,ecdsa-sha2-nistp256,ecdsa-sha2-nistp384,ecdsa-sha2-nistp521,ssh-ed25519'}
2026-04-23 14:50:15,019 - transport - _log:1923 - DEBUG - userauth is OK
2026-04-23 14:50:15,544 - transport - _log:1923 - INFO - Authentication (password) failed.
2026-04-23 14:50:15,544 - start_leap - upload_via_sftp:125 - ERROR - Authentication failed: Authentication failed.
2026-04-23 14:50:15,546 - start_leap - upload_via_sftp:133 - ERROR - Error: Authentication failed, check credentials.
2026-04-23 14:50:15,546 - start_leap - upload_via_sftp:138 - ERROR - Max retry attempts reached. Upload failed.
2026-04-23 14:50:15,552 - transport - _log:1923 - DEBUG - EOF in transport thread
2026-04-23 14:50:15,552 - transport - _log:1923 - DEBUG - EOF in transport thread
2026-04-23 14:50:15,625 - start_leap - upload_via_sftp:92 - DEBUG - Attempt 1 of 3 to connect and upload.
2026-04-23 14:50:15,663 - transport - _log:1923 - DEBUG - starting thread (client mode): 0xe576900
2026-04-23 14:50:15,663 - transport - _log:1923 - DEBUG - Local version/idstring: SSH-2.0-paramiko_3.4.1
2026-04-23 14:50:15,685 - transport - _log:1923 - DEBUG - Remote version/idstring: SSH-2.0-MOVEit Transfer SFTP
2026-04-23 14:50:15,686 - transport - _log:1923 - INFO - Connected (version 2.0, client MOVEit)
2026-04-23 14:50:15,708 - transport - _log:1923 - DEBUG - === Key exchange possibilities ===
2026-04-23 14:50:15,709 - transport - _log:1923 - DEBUG - kex algos: curve25519-sha256, curve25519-sha256@libssh.org, diffie-hellman-group14-sha256, diffie-hellman-group-exchange-sha256, ecdh-sha2-nistp256, diffie-hellman-group16-sha512, diffie-hellman-group18-sha512, ecdh-sha2-nistp384, ecdh-sha2-nistp521, kex-strict-s-v00@openssh.com
2026-04-23 14:50:15,710 - transport - _log:1923 - DEBUG - server key: rsa-sha2-256, rsa-sha2-512, ssh-rsa
2026-04-23 14:50:15,710 - transport - _log:1923 - DEBUG - client encrypt: aes256-ctr, aes192-ctr, aes128-ctr, aes256-gcm@openssh.com, aes128-gcm@openssh.com
2026-04-23 14:50:15,711 - transport - _log:1923 - DEBUG - server encrypt: aes256-ctr, aes192-ctr, aes128-ctr, aes256-gcm@openssh.com, aes128-gcm@openssh.com
2026-04-23 14:50:15,711 - transport - _log:1923 - DEBUG - client mac: hmac-sha2-256, hmac-sha2-512, hmac-ripemd160
2026-04-23 14:50:15,711 - transport - _log:1923 - DEBUG - server mac: hmac-sha2-256, hmac-sha2-512, hmac-ripemd160
2026-04-23 14:50:15,712 - transport - _log:1923 - DEBUG - client compress: none, zlib
2026-04-23 14:50:15,712 - transport - _log:1923 - DEBUG - server compress: none, zlib
2026-04-23 14:50:15,712 - transport - _log:1923 - DEBUG - client lang: <none>
2026-04-23 14:50:15,712 - transport - _log:1923 - DEBUG - server lang: <none>
2026-04-23 14:50:15,712 - transport - _log:1923 - DEBUG - kex follows: False
2026-04-23 14:50:15,714 - transport - _log:1923 - DEBUG - === Key exchange agreements ===
2026-04-23 14:50:15,715 - transport - _log:1923 - DEBUG - Strict kex mode: True
2026-04-23 14:50:15,715 - transport - _log:1923 - DEBUG - Kex: curve25519-sha256@libssh.org
2026-04-23 14:50:15,715 - transport - _log:1923 - DEBUG - HostKey: rsa-sha2-512
2026-04-23 14:50:15,715 - transport - _log:1923 - DEBUG - Cipher: aes128-ctr
2026-04-23 14:50:15,715 - transport - _log:1923 - DEBUG - MAC: hmac-sha2-256
2026-04-23 14:50:15,715 - transport - _log:1923 - DEBUG - Compression: none
2026-04-23 14:50:15,715 - transport - _log:1923 - DEBUG - === End of kex handshake ===
2026-04-23 14:50:15,782 - transport - _log:1923 - DEBUG - Resetting outbound seqno after NEWKEYS due to strict mode
2026-04-23 14:50:15,782 - transport - _log:1923 - DEBUG - kex engine KexCurve25519 specified hash_algo <built-in function openssl_sha256>
2026-04-23 14:50:15,807 - transport - _log:1923 - DEBUG - Switch to new keys ...
2026-04-23 14:50:15,807 - transport - _log:1923 - DEBUG - Resetting inbound seqno after NEWKEYS due to strict mode
2026-04-23 14:50:15,807 - transport - _log:1923 - DEBUG - Got EXT_INFO: {'server-sig-algs': b'ssh-rsa,rsa-sha2-256,rsa-sha2-512,x509v3-sign-rsa,ssh-dss,x509v3-sign-dss,ecdsa-sha2-nistp256,ecdsa-sha2-nistp384,ecdsa-sha2-nistp521,ssh-ed25519'}
2026-04-23 14:50:15,807 - transport - _log:1923 - DEBUG - Attempting password auth...
2026-04-23 14:50:15,843 - transport - _log:1923 - DEBUG - userauth is OK
2026-04-23 14:50:15,950 - transport - _log:1923 - DEBUG - EOF in transport thread
2026-04-23 14:50:28,957 - start_leap - upload_via_sftp:92 - DEBUG - Attempt 1 of 3 to connect and upload.
2026-04-23 14:50:29,020 - transport - _log:1923 - DEBUG - starting thread (client mode): 0x2ec4ce0
2026-04-23 14:50:29,024 - transport - _log:1923 - DEBUG - Local version/idstring: SSH-2.0-paramiko_3.4.1
2026-04-23 14:50:29,044 - transport - _log:1923 - DEBUG - Remote version/idstring: SSH-2.0-MOVEit Transfer SFTP
2026-04-23 14:50:29,045 - transport - _log:1923 - INFO - Connected (version 2.0, client MOVEit)
2026-04-23 14:50:29,072 - transport - _log:1923 - DEBUG - === Key exchange possibilities ===
2026-04-23 14:50:29,072 - transport - _log:1923 - DEBUG - kex algos: curve25519-sha256, curve25519-sha256@libssh.org, diffie-hellman-group14-sha256, diffie-hellman-group-exchange-sha256, ecdh-sha2-nistp256, diffie-hellman-group16-sha512, diffie-hellman-group18-sha512, ecdh-sha2-nistp384, ecdh-sha2-nistp521, kex-strict-s-v00@openssh.com
2026-04-23 14:50:29,072 - transport - _log:1923 - DEBUG - server key: rsa-sha2-256, rsa-sha2-512, ssh-rsa
2026-04-23 14:50:29,072 - transport - _log:1923 - DEBUG - client encrypt: aes256-ctr, aes192-ctr, aes128-ctr, aes256-gcm@openssh.com, aes128-gcm@openssh.com
2026-04-23 14:50:29,072 - transport - _log:1923 - DEBUG - server encrypt: aes256-ctr, aes192-ctr, aes128-ctr, aes256-gcm@openssh.com, aes128-gcm@openssh.com
2026-04-23 14:50:29,072 - transport - _log:1923 - DEBUG - client mac: hmac-sha2-256, hmac-sha2-512, hmac-ripemd160
2026-04-23 14:50:29,072 - transport - _log:1923 - DEBUG - server mac: hmac-sha2-256, hmac-sha2-512, hmac-ripemd160
2026-04-23 14:50:29,072 - transport - _log:1923 - DEBUG - client compress: none, zlib
2026-04-23 14:50:29,072 - transport - _log:1923 - DEBUG - server compress: none, zlib
2026-04-23 14:50:29,072 - transport - _log:1923 - DEBUG - client lang: <none>
2026-04-23 14:50:29,072 - transport - _log:1923 - DEBUG - server lang: <none>
2026-04-23 14:50:29,072 - transport - _log:1923 - DEBUG - kex follows: False
2026-04-23 14:50:29,072 - transport - _log:1923 - DEBUG - === Key exchange agreements ===
2026-04-23 14:50:29,072 - transport - _log:1923 - DEBUG - Strict kex mode: True
2026-04-23 14:50:29,072 - transport - _log:1923 - DEBUG - Kex: curve25519-sha256@libssh.org
2026-04-23 14:50:29,072 - transport - _log:1923 - DEBUG - HostKey: rsa-sha2-512
2026-04-23 14:50:29,072 - transport - _log:1923 - DEBUG - Cipher: aes128-ctr
2026-04-23 14:50:29,072 - transport - _log:1923 - DEBUG - MAC: hmac-sha2-256
2026-04-23 14:50:29,072 - transport - _log:1923 - DEBUG - Compression: none
2026-04-23 14:50:29,072 - transport - _log:1923 - DEBUG - === End of kex handshake ===
2026-04-23 14:50:29,167 - transport - _log:1923 - DEBUG - Resetting outbound seqno after NEWKEYS due to strict mode
2026-04-23 14:50:29,175 - transport - _log:1923 - DEBUG - kex engine KexCurve25519 specified hash_algo <built-in function openssl_sha256>
2026-04-23 14:50:29,195 - transport - _log:1923 - DEBUG - Switch to new keys ...
2026-04-23 14:50:29,195 - transport - _log:1923 - DEBUG - Resetting inbound seqno after NEWKEYS due to strict mode
2026-04-23 14:50:29,195 - transport - _log:1923 - DEBUG - Got EXT_INFO: {'server-sig-algs': b'ssh-rsa,rsa-sha2-256,rsa-sha2-512,x509v3-sign-rsa,ssh-dss,x509v3-sign-dss,ecdsa-sha2-nistp256,ecdsa-sha2-nistp384,ecdsa-sha2-nistp521,ssh-ed25519'}
2026-04-23 14:50:29,195 - transport - _log:1923 - DEBUG - Attempting password auth...
2026-04-23 14:50:29,218 - transport - _log:1923 - DEBUG - userauth is OK
2026-04-23 14:50:29,737 - transport - _log:1923 - INFO - Authentication (password) failed.
2026-04-23 14:50:29,737 - start_leap - upload_via_sftp:125 - ERROR - Authentication failed: Authentication failed.
2026-04-23 14:50:29,737 - start_leap - upload_via_sftp:133 - ERROR - Error: Authentication failed, check credentials.
2026-04-23 14:50:29,737 - start_leap - upload_via_sftp:138 - ERROR - Max retry attempts reached. Upload failed.
2026-04-23 14:50:29,805 - transport - _log:1923 - DEBUG - EOF in transport thread
2026-04-23 14:50:29,867 - start_leap - upload_via_sftp:92 - DEBUG - Attempt 1 of 3 to connect and upload.
2026-04-23 14:50:29,920 - transport - _log:1923 - DEBUG - starting thread (client mode): 0x2edb830
2026-04-23 14:50:29,921 - transport - _log:1923 - DEBUG - Local version/idstring: SSH-2.0-paramiko_3.4.1
2026-04-23 14:50:29,942 - transport - _log:1923 - DEBUG - Remote version/idstring: SSH-2.0-MOVEit Transfer SFTP
2026-04-23 14:50:29,943 - transport - _log:1923 - INFO - Connected (version 2.0, client MOVEit)
2026-04-23 14:50:29,982 - transport - _log:1923 - DEBUG - === Key exchange possibilities ===
2026-04-23 14:50:29,982 - transport - _log:1923 - DEBUG - kex algos: curve25519-sha256, curve25519-sha256@libssh.org, diffie-hellman-group14-sha256, diffie-hellman-group-exchange-sha256, ecdh-sha2-nistp256, diffie-hellman-group16-sha512, diffie-hellman-group18-sha512, ecdh-sha2-nistp384, ecdh-sha2-nistp521, kex-strict-s-v00@openssh.com
2026-04-23 14:50:29,982 - transport - _log:1923 - DEBUG - server key: rsa-sha2-256, rsa-sha2-512, ssh-rsa
2026-04-23 14:50:29,982 - transport - _log:1923 - DEBUG - client encrypt: aes256-ctr, aes192-ctr, aes128-ctr, aes256-gcm@openssh.com, aes128-gcm@openssh.com
2026-04-23 14:50:29,982 - transport - _log:1923 - DEBUG - server encrypt: aes256-ctr, aes192-ctr, aes128-ctr, aes256-gcm@openssh.com, aes128-gcm@openssh.com
2026-04-23 14:50:29,982 - transport - _log:1923 - DEBUG - client mac: hmac-sha2-256, hmac-sha2-512, hmac-ripemd160
2026-04-23 14:50:29,982 - transport - _log:1923 - DEBUG - server mac: hmac-sha2-256, hmac-sha2-512, hmac-ripemd160
2026-04-23 14:50:29,982 - transport - _log:1923 - DEBUG - client compress: none, zlib
2026-04-23 14:50:29,982 - transport - _log:1923 - DEBUG - server compress: none, zlib
2026-04-23 14:50:29,982 - transport - _log:1923 - DEBUG - client lang: <none>
2026-04-23 14:50:29,982 - transport - _log:1923 - DEBUG - server lang: <none>
2026-04-23 14:50:29,982 - transport - _log:1923 - DEBUG - kex follows: False
2026-04-23 14:50:29,982 - transport - _log:1923 - DEBUG - === Key exchange agreements ===
2026-04-23 14:50:29,982 - transport - _log:1923 - DEBUG - Strict kex mode: True
2026-04-23 14:50:29,982 - transport - _log:1923 - DEBUG - Kex: curve25519-sha256@libssh.org
2026-04-23 14:50:29,982 - transport - _log:1923 - DEBUG - HostKey: rsa-sha2-512
2026-04-23 14:50:29,990 - transport - _log:1923 - DEBUG - Cipher: aes128-ctr
2026-04-23 14:50:29,990 - transport - _log:1923 - DEBUG - MAC: hmac-sha2-256
2026-04-23 14:50:29,990 - transport - _log:1923 - DEBUG - Compression: none
2026-04-23 14:50:29,990 - transport - _log:1923 - DEBUG - === End of kex handshake ===
2026-04-23 14:50:30,072 - transport - _log:1923 - DEBUG - Resetting outbound seqno after NEWKEYS due to strict mode
2026-04-23 14:50:30,078 - transport - _log:1923 - DEBUG - kex engine KexCurve25519 specified hash_algo <built-in function openssl_sha256>
2026-04-23 14:50:30,096 - transport - _log:1923 - DEBUG - Switch to new keys ...
2026-04-23 14:50:30,097 - transport - _log:1923 - DEBUG - Resetting inbound seqno after NEWKEYS due to strict mode
2026-04-23 14:50:30,097 - transport - _log:1923 - DEBUG - Got EXT_INFO: {'server-sig-algs': b'ssh-rsa,rsa-sha2-256,rsa-sha2-512,x509v3-sign-rsa,ssh-dss,x509v3-sign-dss,ecdsa-sha2-nistp256,ecdsa-sha2-nistp384,ecdsa-sha2-nistp521,ssh-ed25519'}
2026-04-23 14:50:30,097 - transport - _log:1923 - DEBUG - Attempting password auth...
2026-04-23 14:50:30,137 - transport - _log:1923 - DEBUG - userauth is OK
2026-04-23 14:50:30,701 - transport - _log:1923 - INFO - Authentication (password) failed.
2026-04-23 14:50:30,701 - start_leap - upload_via_sftp:125 - ERROR - Authentication failed: Authentication failed.
2026-04-23 14:50:30,701 - start_leap - upload_via_sftp:133 - ERROR - Error: Authentication failed, check credentials.
2026-04-23 14:50:30,701 - start_leap - upload_via_sftp:138 - ERROR - Max retry attempts reached. Upload failed.
2026-04-23 14:50:30,747 - transport - _log:1923 - DEBUG - EOF in transport thread
2026-04-23 14:50:30,816 - start_leap - upload_via_sftp:92 - DEBUG - Attempt 1 of 3 to connect and upload.
2026-04-23 14:50:30,861 - transport - _log:1923 - DEBUG - starting thread (client mode): 0x2edb470
2026-04-23 14:50:30,862 - transport - _log:1923 - DEBUG - Local version/idstring: SSH-2.0-paramiko_3.4.1
2026-04-23 14:50:30,890 - transport - _log:1923 - ERROR - Exception (client): Error reading SSH protocol banner[WinError 10054] An existing connection was forcibly closed by the remote host
2026-04-23 14:50:30,895 - transport - _log:1921 - ERROR - Traceback (most recent call last):
2026-04-23 14:50:30,895 - transport - _log:1921 - ERROR -   File "C:\Users\pkbu004\.virtualenvs\SUPERXfer-jQO0Ytui\Lib\site-packages\paramiko\transport.py", line 2341, in _check_banner
2026-04-23 14:50:30,895 - transport - _log:1921 - ERROR -     buf = self.packetizer.readline(timeout)
2026-04-23 14:50:30,895 - transport - _log:1921 - ERROR -           ^^^^^^^^^^^^^^^^^^^^^^^^^^^^^^^^^
2026-04-23 14:50:30,895 - transport - _log:1921 - ERROR -   File "C:\Users\pkbu004\.virtualenvs\SUPERXfer-jQO0Ytui\Lib\site-packages\paramiko\packet.py", line 381, in readline
2026-04-23 14:50:30,895 - transport - _log:1921 - ERROR -     buf += self._read_timeout(timeout)
2026-04-23 14:50:30,895 - transport - _log:1921 - ERROR -            ^^^^^^^^^^^^^^^^^^^^^^^^^^^
2026-04-23 14:50:30,895 - transport - _log:1921 - ERROR -   File "C:\Users\pkbu004\.virtualenvs\SUPERXfer-jQO0Ytui\Lib\site-packages\paramiko\packet.py", line 616, in _read_timeout
2026-04-23 14:50:30,895 - transport - _log:1921 - ERROR -     x = self.__socket.recv(128)
2026-04-23 14:50:30,895 - transport - _log:1921 - ERROR -         ^^^^^^^^^^^^^^^^^^^^^^^
2026-04-23 14:50:30,895 - transport - _log:1921 - ERROR - ConnectionResetError: [WinError 10054] An existing connection was forcibly closed by the remote host
2026-04-23 14:50:30,895 - transport - _log:1921 - ERROR - 
2026-04-23 14:50:30,895 - transport - _log:1921 - ERROR - During handling of the above exception, another exception occurred:
2026-04-23 14:50:30,895 - transport - _log:1921 - ERROR - 
2026-04-23 14:50:30,895 - transport - _log:1921 - ERROR - Traceback (most recent call last):
2026-04-23 14:50:30,895 - transport - _log:1921 - ERROR -   File "C:\Users\pkbu004\.virtualenvs\SUPERXfer-jQO0Ytui\Lib\site-packages\paramiko\transport.py", line 2157, in run
2026-04-23 14:50:30,895 - transport - _log:1921 - ERROR -     self._check_banner()
2026-04-23 14:50:30,895 - transport - _log:1921 - ERROR -   File "C:\Users\pkbu004\.virtualenvs\SUPERXfer-jQO0Ytui\Lib\site-packages\paramiko\transport.py", line 2345, in _check_banner
2026-04-23 14:50:30,895 - transport - _log:1921 - ERROR -     raise SSHException(
2026-04-23 14:50:30,895 - transport - _log:1921 - ERROR - paramiko.ssh_exception.SSHException: Error reading SSH protocol banner[WinError 10054] An existing connection was forcibly closed by the remote host
2026-04-23 14:50:30,895 - transport - _log:1921 - ERROR - 
2026-04-23 14:50:30,895 - start_leap - upload_via_sftp:129 - ERROR - Error occurred during SFTP upload: Error reading SSH protocol banner[WinError 10054] An existing connection was forcibly closed by the remote host
